NOTE: Picked up JDK_JAVA_OPTIONS:  --add-opens=java.base/java.lang=ALL-UNNAMED --add-opens=java.base/java.io=ALL-UNNAMED --add-opens=java.rmi/sun.rmi.transport=ALL-UNNAMED
04-Dec-2020 13:28:17.501 INFO [main] org.apache.catalina.startup.VersionLoggerListener.log Server version name:   Apache Tomcat/9.0.40
04-Dec-2020 13:28:17.504 INFO [main] org.apache.catalina.startup.VersionLoggerListener.log Server built:          Nov 12 2020 15:35:02 UTC
04-Dec-2020 13:28:17.504 INFO [main] org.apache.catalina.startup.VersionLoggerListener.log Server version number: 9.0.40.0
04-Dec-2020 13:28:17.504 INFO [main] org.apache.catalina.startup.VersionLoggerListener.log OS Name:               Mac OS X
04-Dec-2020 13:28:17.504 INFO [main] org.apache.catalina.startup.VersionLoggerListener.log OS Version:            10.16
04-Dec-2020 13:28:17.504 INFO [main] org.apache.catalina.startup.VersionLoggerListener.log Architecture:          x86_64
04-Dec-2020 13:28:17.505 INFO [main] org.apache.catalina.startup.VersionLoggerListener.log Java Home:             /Library/Java/JavaVirtualMachines/jdk-13.0.2.jdk/Contents/Home
04-Dec-2020 13:28:17.505 INFO [main] org.apache.catalina.startup.VersionLoggerListener.log JVM Version:           13.0.2+8
04-Dec-2020 13:28:17.505 INFO [main] org.apache.catalina.startup.VersionLoggerListener.log JVM Vendor:            Oracle Corporation
04-Dec-2020 13:28:17.505 INFO [main] org.apache.catalina.startup.VersionLoggerListener.log CATALINA_BASE:         /Users/Chz/CompScience/Java_config/tomcat
04-Dec-2020 13:28:17.505 INFO [main] org.apache.catalina.startup.VersionLoggerListener.log CATALINA_HOME:         /Users/Chz/CompScience/Java_config/tomcat
04-Dec-2020 13:28:17.517 INFO [main] org.apache.catalina.startup.VersionLoggerListener.log Command line argument: --add-opens=java.base/java.lang=ALL-UNNAMED
04-Dec-2020 13:28:17.517 INFO [main] org.apache.catalina.startup.VersionLoggerListener.log Command line argument: --add-opens=java.base/java.io=ALL-UNNAMED
04-Dec-2020 13:28:17.517 INFO [main] org.apache.catalina.startup.VersionLoggerListener.log Command line argument: --add-opens=java.rmi/sun.rmi.transport=ALL-UNNAMED
04-Dec-2020 13:28:17.517 INFO [main] org.apache.catalina.startup.VersionLoggerListener.log Command line argument: -Djava.util.logging.config.file=/Users/Chz/CompScience/Java_config/tomcat/conf/logging.properties
04-Dec-2020 13:28:17.517 INFO [main] org.apache.catalina.startup.VersionLoggerListener.log Command line argument: -Djava.util.logging.manager=org.apache.juli.ClassLoaderLogManager
04-Dec-2020 13:28:17.518 INFO [main] org.apache.catalina.startup.VersionLoggerListener.log Command line argument: -Djdk.tls.ephemeralDHKeySize=2048
04-Dec-2020 13:28:17.518 INFO [main] org.apache.catalina.startup.VersionLoggerListener.log Command line argument: -Djava.protocol.handler.pkgs=org.apache.catalina.webresources
04-Dec-2020 13:28:17.518 INFO [main] org.apache.catalina.startup.VersionLoggerListener.log Command line argument: -Dorg.apache.catalina.security.SecurityListener.UMASK=0027
04-Dec-2020 13:28:17.518 INFO [main] org.apache.catalina.startup.VersionLoggerListener.log Command line argument: -Dignore.endorsed.dirs=
04-Dec-2020 13:28:17.518 INFO [main] org.apache.catalina.startup.VersionLoggerListener.log Command line argument: -Dcatalina.base=/Users/Chz/CompScience/Java_config/tomcat
04-Dec-2020 13:28:17.518 INFO [main] org.apache.catalina.startup.VersionLoggerListener.log Command line argument: -Dcatalina.home=/Users/Chz/CompScience/Java_config/tomcat
04-Dec-2020 13:28:17.518 INFO [main] org.apache.catalina.startup.VersionLoggerListener.log Command line argument: -Djava.io.tmpdir=/Users/Chz/CompScience/Java_config/tomcat/temp
04-Dec-2020 13:28:17.520 INFO [main] org.apache.catalina.core.AprLifecycleListener.lifecycleEvent The Apache Tomcat Native library which allows using OpenSSL was not found on the java.library.path: [/Users/Chz/Library/Java/Extensions:/Library/Java/Extensions:/Network/Library/Java/Extensions:/System/Library/Java/Extensions:/usr/lib/java:.]
04-Dec-2020 13:28:17.736 INFO [main] org.apache.coyote.AbstractProtocol.init Initializing ProtocolHandler ["http-nio-8080"]
04-Dec-2020 13:28:17.766 INFO [main] org.apache.catalina.startup.Catalina.load Server initialization in [409] milliseconds
04-Dec-2020 13:28:17.791 INFO [main] org.apache.catalina.core.StandardService.startInternal Starting service [Catalina]
04-Dec-2020 13:28:17.792 INFO [main] org.apache.catalina.core.StandardEngine.startInternal Starting Servlet engine: [Apache Tomcat/9.0.40]
04-Dec-2020 13:28:17.798 INFO [main] org.apache.catalina.startup.HostConfig.deployDirectory Deploying web application directory [/Users/Chz/CompScience/Java_config/tomcat/webapps/docs]
04-Dec-2020 13:28:17.980 INFO [main] org.apache.catalina.startup.HostConfig.deployDirectory Deployment of web application directory [/Users/Chz/CompScience/Java_config/tomcat/webapps/docs] has finished in [182] ms
04-Dec-2020 13:28:17.980 INFO [main] org.apache.catalina.startup.HostConfig.deployDirectory Deploying web application directory [/Users/Chz/CompScience/Java_config/tomcat/webapps/manager]
04-Dec-2020 13:28:18.009 INFO [main] org.apache.catalina.startup.HostConfig.deployDirectory Deployment of web application directory [/Users/Chz/CompScience/Java_config/tomcat/webapps/manager] has finished in [28] ms
04-Dec-2020 13:28:18.009 INFO [main] org.apache.catalina.startup.HostConfig.deployDirectory Deploying web application directory [/Users/Chz/CompScience/Java_config/tomcat/webapps/examples]
04-Dec-2020 13:28:18.182 INFO [main] org.apache.catalina.startup.HostConfig.deployDirectory Deployment of web application directory [/Users/Chz/CompScience/Java_config/tomcat/webapps/examples] has finished in [173] ms
04-Dec-2020 13:28:18.183 INFO [main] org.apache.catalina.startup.HostConfig.deployDirectory Deploying web application directory [/Users/Chz/CompScience/Java_config/tomcat/webapps/ROOT]
04-Dec-2020 13:28:18.197 INFO [main] org.apache.catalina.startup.HostConfig.deployDirectory Deployment of web application directory [/Users/Chz/CompScience/Java_config/tomcat/webapps/ROOT] has finished in [14] ms
04-Dec-2020 13:28:18.198 INFO [main] org.apache.catalina.startup.HostConfig.deployDirectory Deploying web application directory [/Users/Chz/CompScience/Java_config/tomcat/webapps/host-manager]
04-Dec-2020 13:28:18.215 INFO [main] org.apache.catalina.startup.HostConfig.deployDirectory Deployment of web application directory [/Users/Chz/CompScience/Java_config/tomcat/webapps/host-manager] has finished in [17] ms
04-Dec-2020 13:28:18.219 INFO [main] org.apache.coyote.AbstractProtocol.start Starting ProtocolHandler ["http-nio-8080"]
04-Dec-2020 13:28:18.225 INFO [main] org.apache.catalina.startup.Catalina.start Server startup in [458] milliseconds
04-Dec-2020 13:28:29.529 INFO [main] org.apache.catalina.core.StandardServer.await A valid shutdown command was received via the shutdown port. Stopping the Server instance.
04-Dec-2020 13:28:29.529 INFO [main] org.apache.coyote.AbstractProtocol.pause Pausing ProtocolHandler ["http-nio-8080"]
04-Dec-2020 13:28:29.534 INFO [main] org.apache.catalina.core.StandardService.stopInternal Stopping service [Catalina]
04-Dec-2020 13:28:29.555 INFO [main] org.apache.coyote.AbstractProtocol.stop Stopping ProtocolHandler ["http-nio-8080"]
04-Dec-2020 13:28:29.590 INFO [main] org.apache.coyote.AbstractProtocol.destroy Destroying ProtocolHandler ["http-nio-8080"]
NOTE: Picked up JDK_JAVA_OPTIONS:  --add-opens=java.base/java.lang=ALL-UNNAMED --add-opens=java.base/java.io=ALL-UNNAMED --add-opens=java.rmi/sun.rmi.transport=ALL-UNNAMED
04-Dec-2020 15:20:32.088 INFO [main] org.apache.catalina.startup.VersionLoggerListener.log Server version name:   Apache Tomcat/9.0.40
04-Dec-2020 15:20:32.091 INFO [main] org.apache.catalina.startup.VersionLoggerListener.log Server built:          Nov 12 2020 15:35:02 UTC
04-Dec-2020 15:20:32.091 INFO [main] org.apache.catalina.startup.VersionLoggerListener.log Server version number: 9.0.40.0
04-Dec-2020 15:20:32.091 INFO [main] org.apache.catalina.startup.VersionLoggerListener.log OS Name:               Mac OS X
04-Dec-2020 15:20:32.091 INFO [main] org.apache.catalina.startup.VersionLoggerListener.log OS Version:            10.16
04-Dec-2020 15:20:32.091 INFO [main] org.apache.catalina.startup.VersionLoggerListener.log Architecture:          x86_64
04-Dec-2020 15:20:32.091 INFO [main] org.apache.catalina.startup.VersionLoggerListener.log Java Home:             /Library/Java/JavaVirtualMachines/jdk-13.0.2.jdk/Contents/Home
04-Dec-2020 15:20:32.092 INFO [main] org.apache.catalina.startup.VersionLoggerListener.log JVM Version:           13.0.2+8
04-Dec-2020 15:20:32.092 INFO [main] org.apache.catalina.startup.VersionLoggerListener.log JVM Vendor:            Oracle Corporation
04-Dec-2020 15:20:32.092 INFO [main] org.apache.catalina.startup.VersionLoggerListener.log CATALINA_BASE:         /Users/Chz/CompScience/Java_config/tomcat
04-Dec-2020 15:20:32.092 INFO [main] org.apache.catalina.startup.VersionLoggerListener.log CATALINA_HOME:         /Users/Chz/CompScience/Java_config/tomcat
04-Dec-2020 15:20:32.117 INFO [main] org.apache.catalina.startup.VersionLoggerListener.log Command line argument: --add-opens=java.base/java.lang=ALL-UNNAMED
04-Dec-2020 15:20:32.117 INFO [main] org.apache.catalina.startup.VersionLoggerListener.log Command line argument: --add-opens=java.base/java.io=ALL-UNNAMED
04-Dec-2020 15:20:32.117 INFO [main] org.apache.catalina.startup.VersionLoggerListener.log Command line argument: --add-opens=java.rmi/sun.rmi.transport=ALL-UNNAMED
04-Dec-2020 15:20:32.117 INFO [main] org.apache.catalina.startup.VersionLoggerListener.log Command line argument: -Djava.util.logging.config.file=/Users/Chz/CompScience/Java_config/tomcat/conf/logging.properties
04-Dec-2020 15:20:32.117 INFO [main] org.apache.catalina.startup.VersionLoggerListener.log Command line argument: -Djava.util.logging.manager=org.apache.juli.ClassLoaderLogManager
04-Dec-2020 15:20:32.117 INFO [main] org.apache.catalina.startup.VersionLoggerListener.log Command line argument: -Djdk.tls.ephemeralDHKeySize=2048
04-Dec-2020 15:20:32.117 INFO [main] org.apache.catalina.startup.VersionLoggerListener.log Command line argument: -Djava.protocol.handler.pkgs=org.apache.catalina.webresources
04-Dec-2020 15:20:32.117 INFO [main] org.apache.catalina.startup.VersionLoggerListener.log Command line argument: -Dorg.apache.catalina.security.SecurityListener.UMASK=0027
04-Dec-2020 15:20:32.118 INFO [main] org.apache.catalina.startup.VersionLoggerListener.log Command line argument: -Dignore.endorsed.dirs=
04-Dec-2020 15:20:32.118 INFO [main] org.apache.catalina.startup.VersionLoggerListener.log Command line argument: -Dcatalina.base=/Users/Chz/CompScience/Java_config/tomcat
04-Dec-2020 15:20:32.118 INFO [main] org.apache.catalina.startup.VersionLoggerListener.log Command line argument: -Dcatalina.home=/Users/Chz/CompScience/Java_config/tomcat
04-Dec-2020 15:20:32.118 INFO [main] org.apache.catalina.startup.VersionLoggerListener.log Command line argument: -Djava.io.tmpdir=/Users/Chz/CompScience/Java_config/tomcat/temp
04-Dec-2020 15:20:32.120 INFO [main] org.apache.catalina.core.AprLifecycleListener.lifecycleEvent The Apache Tomcat Native library which allows using OpenSSL was not found on the java.library.path: [/Users/Chz/Library/Java/Extensions:/Library/Java/Extensions:/Network/Library/Java/Extensions:/System/Library/Java/Extensions:/usr/lib/java:.]
04-Dec-2020 15:20:32.376 INFO [main] org.apache.coyote.AbstractProtocol.init Initializing ProtocolHandler ["http-nio-8080"]
04-Dec-2020 15:20:32.406 SEVERE [main] org.apache.catalina.util.LifecycleBase.handleSubClassException Failed to initialize component [Connector[HTTP/1.1-8080]]
	org.apache.catalina.LifecycleException: Protocol handler initialization failed
		at org.apache.catalina.connector.Connector.initInternal(Connector.java:1042)
		at org.apache.catalina.util.LifecycleBase.init(LifecycleBase.java:136)
		at org.apache.catalina.core.StandardService.initInternal(StandardService.java:533)
		at org.apache.catalina.util.LifecycleBase.init(LifecycleBase.java:136)
		at org.apache.catalina.core.StandardServer.initInternal(StandardServer.java:1057)
		at org.apache.catalina.util.LifecycleBase.init(LifecycleBase.java:136)
		at org.apache.catalina.startup.Catalina.load(Catalina.java:724)
		at org.apache.catalina.startup.Catalina.load(Catalina.java:746)
		at java.base/jdk.internal.reflect.NativeMethodAccessorImpl.invoke0(Native Method)
		at java.base/jdk.internal.reflect.NativeMethodAccessorImpl.invoke(NativeMethodAccessorImpl.java:62)
		at java.base/jdk.internal.reflect.DelegatingMethodAccessorImpl.invoke(DelegatingMethodAccessorImpl.java:43)
		at java.base/java.lang.reflect.Method.invoke(Method.java:567)
		at org.apache.catalina.startup.Bootstrap.load(Bootstrap.java:302)
		at org.apache.catalina.startup.Bootstrap.main(Bootstrap.java:472)
	Caused by: java.net.BindException: Address already in use
		at java.base/sun.nio.ch.Net.bind0(Native Method)
		at java.base/sun.nio.ch.Net.bind(Net.java:469)
		at java.base/sun.nio.ch.Net.bind(Net.java:458)
		at java.base/sun.nio.ch.ServerSocketChannelImpl.bind(ServerSocketChannelImpl.java:220)
		at java.base/sun.nio.ch.ServerSocketAdaptor.bind(ServerSocketAdaptor.java:88)
		at org.apache.tomcat.util.net.NioEndpoint.initServerSocket(NioEndpoint.java:228)
		at org.apache.tomcat.util.net.NioEndpoint.bind(NioEndpoint.java:211)
		at org.apache.tomcat.util.net.AbstractEndpoint.bindWithCleanup(AbstractEndpoint.java:1141)
		at org.apache.tomcat.util.net.AbstractEndpoint.init(AbstractEndpoint.java:1154)
		at org.apache.coyote.AbstractProtocol.init(AbstractProtocol.java:592)
		at org.apache.coyote.http11.AbstractHttp11Protocol.init(AbstractHttp11Protocol.java:80)
		at org.apache.catalina.connector.Connector.initInternal(Connector.java:1039)
		... 13 more
04-Dec-2020 15:20:32.407 INFO [main] org.apache.catalina.startup.Catalina.load Server initialization in [511] milliseconds
04-Dec-2020 15:20:32.442 INFO [main] org.apache.catalina.core.StandardService.startInternal Starting service [Catalina]
04-Dec-2020 15:20:32.442 INFO [main] org.apache.catalina.core.StandardEngine.startInternal Starting Servlet engine: [Apache Tomcat/9.0.40]
04-Dec-2020 15:20:32.448 INFO [main] org.apache.catalina.startup.HostConfig.deployDirectory Deploying web application directory [/Users/Chz/CompScience/Java_config/tomcat/webapps/docs]
04-Dec-2020 15:20:32.634 INFO [main] org.apache.catalina.startup.HostConfig.deployDirectory Deployment of web application directory [/Users/Chz/CompScience/Java_config/tomcat/webapps/docs] has finished in [186] ms
04-Dec-2020 15:20:32.635 INFO [main] org.apache.catalina.startup.HostConfig.deployDirectory Deploying web application directory [/Users/Chz/CompScience/Java_config/tomcat/webapps/manager]
04-Dec-2020 15:20:32.662 INFO [main] org.apache.catalina.startup.HostConfig.deployDirectory Deployment of web application directory [/Users/Chz/CompScience/Java_config/tomcat/webapps/manager] has finished in [27] ms
04-Dec-2020 15:20:32.662 INFO [main] org.apache.catalina.startup.HostConfig.deployDirectory Deploying web application directory [/Users/Chz/CompScience/Java_config/tomcat/webapps/examples]
04-Dec-2020 15:20:32.887 INFO [main] org.apache.catalina.startup.HostConfig.deployDirectory Deployment of web application directory [/Users/Chz/CompScience/Java_config/tomcat/webapps/examples] has finished in [224] ms
04-Dec-2020 15:20:32.887 INFO [main] org.apache.catalina.startup.HostConfig.deployDirectory Deploying web application directory [/Users/Chz/CompScience/Java_config/tomcat/webapps/ROOT]
04-Dec-2020 15:20:32.901 INFO [main] org.apache.catalina.startup.HostConfig.deployDirectory Deployment of web application directory [/Users/Chz/CompScience/Java_config/tomcat/webapps/ROOT] has finished in [14] ms
04-Dec-2020 15:20:32.901 INFO [main] org.apache.catalina.startup.HostConfig.deployDirectory Deploying web application directory [/Users/Chz/CompScience/Java_config/tomcat/webapps/host-manager]
04-Dec-2020 15:20:32.918 INFO [main] org.apache.catalina.startup.HostConfig.deployDirectory Deployment of web application directory [/Users/Chz/CompScience/Java_config/tomcat/webapps/host-manager] has finished in [16] ms
04-Dec-2020 15:20:32.922 INFO [main] org.apache.catalina.startup.Catalina.start Server startup in [514] milliseconds
04-Dec-2020 15:20:32.929 SEVERE [main] org.apache.catalina.core.StandardServer.await Failed to create server shutdown socket on address [localhost] and port [8005] (base port [8005] and offset [0])
	java.net.BindException: Address already in use
		at java.base/sun.nio.ch.Net.bind0(Native Method)
		at java.base/sun.nio.ch.Net.bind(Net.java:469)
		at java.base/sun.nio.ch.Net.bind(Net.java:458)
		at java.base/sun.nio.ch.NioSocketImpl.bind(NioSocketImpl.java:643)
		at java.base/java.net.ServerSocket.bind(ServerSocket.java:374)
		at java.base/java.net.ServerSocket.<init>(ServerSocket.java:260)
		at org.apache.catalina.core.StandardServer.await(StandardServer.java:584)
		at org.apache.catalina.startup.Catalina.await(Catalina.java:864)
		at org.apache.catalina.startup.Catalina.start(Catalina.java:810)
		at java.base/jdk.internal.reflect.NativeMethodAccessorImpl.invoke0(Native Method)
		at java.base/jdk.internal.reflect.NativeMethodAccessorImpl.invoke(NativeMethodAccessorImpl.java:62)
		at java.base/jdk.internal.reflect.DelegatingMethodAccessorImpl.invoke(DelegatingMethodAccessorImpl.java:43)
		at java.base/java.lang.reflect.Method.invoke(Method.java:567)
		at org.apache.catalina.startup.Bootstrap.start(Bootstrap.java:342)
		at org.apache.catalina.startup.Bootstrap.main(Bootstrap.java:473)
04-Dec-2020 15:20:32.929 INFO [main] org.apache.coyote.AbstractProtocol.pause Pausing ProtocolHandler ["http-nio-8080"]
04-Dec-2020 15:20:32.929 INFO [main] org.apache.catalina.core.StandardService.stopInternal Stopping service [Catalina]
04-Dec-2020 15:20:32.950 INFO [main] org.apache.coyote.AbstractProtocol.stop Stopping ProtocolHandler ["http-nio-8080"]
04-Dec-2020 15:20:32.951 INFO [main] org.apache.coyote.AbstractProtocol.destroy Destroying ProtocolHandler ["http-nio-8080"]
